\BOOKMARK [1][-]{section.1}{Compréhension du problème}{}% 1
\BOOKMARK [2][-]{subsection.1.1}{Contexte}{section.1}% 2
\BOOKMARK [2][-]{subsection.1.2}{Analyse du problème}{section.1}% 3
\BOOKMARK [2][-]{subsection.1.3}{Critères de satisfaction}{section.1}% 4
\BOOKMARK [1][-]{section.2}{Objectifs}{}% 5
\BOOKMARK [2][-]{subsection.2.1}{Objectifs\040du\040projet}{section.2}% 6
\BOOKMARK [2][-]{subsection.2.2}{Objectifs\040du\040groupe}{section.2}% 7
\BOOKMARK [1][-]{section.3}{Interlocuteurs}{}% 8
\BOOKMARK [2][-]{subsection.3.1}{Contacts\040de\040la\040Prefecture\040de\040Mayenne}{section.3}% 9
\BOOKMARK [2][-]{subsection.3.2}{Équipe responsable des projets ESIEA}{section.3}% 10
\BOOKMARK [2][-]{subsection.3.3}{L'équipe du projet}{section.3}% 11
\BOOKMARK [2][-]{subsection.3.4}{Parties\040prenantes\040du\040projet}{section.3}% 12
\BOOKMARK [1][-]{section.4}{Règles de fonctionnement}{}% 13
\BOOKMARK [2][-]{subsection.4.1}{Fonctionnement de l'équipe avec le mentor}{section.4}% 14
\BOOKMARK [2][-]{subsection.4.2}{Fonctionnement de l'équipe avec le commanditaire}{section.4}% 15
\BOOKMARK [2][-]{subsection.4.3}{Fonctionnement interne de l'équipe}{section.4}% 16
\BOOKMARK [1][-]{section.5}{Moyens}{}% 17
\BOOKMARK [1][-]{section.6}{Méthode envisagée}{}% 18
\BOOKMARK [2][-]{subsection.6.1}{Méthode de gestion du projet}{section.6}% 19
\BOOKMARK [2][-]{subsection.6.2}{Réalisation Technique}{section.6}% 20
\BOOKMARK [1][-]{section.7}{Organisation de l'équipe}{}% 21
\BOOKMARK [1][-]{section.8}{Planning}{}% 22
